[2024-01-28 00:55:33.121] #0 :: PABLO :: ---------------------------------------------
[2024-01-28 00:55:33.121] #0 :: PABLO :: - PABLO PArallel Balanced Linear Octree -
[2024-01-28 00:55:33.121] #0 :: PABLO :: ---------------------------------------------
[2024-01-28 00:55:33.121] #0 :: PABLO ::  
[2024-01-28 00:55:33.121] #0 :: PABLO :: ---------------------------------------------
[2024-01-28 00:55:33.121] #0 :: PABLO :: - PABLO restart -
[2024-01-28 00:55:33.121] #0 :: PABLO :: ---------------------------------------------
[2024-01-28 00:55:33.121] #0 :: PABLO ::  Number of proc	:	5
[2024-01-28 00:55:33.122] #0 :: PABLO ::  Dimension		:	2
[2024-01-28 00:55:33.122] #0 :: PABLO ::  Max allowed level	:	20
[2024-01-28 00:55:33.122] #0 :: PABLO ::  Number of octants	:	1
[2024-01-28 00:55:33.122] #0 :: PABLO :: ---------------------------------------------
[2024-01-28 00:55:33.122] #0 :: PABLO ::  
[2024-01-28 00:55:33.122] #0 :: PABLO :: ---------------------------------------------
[2024-01-28 00:55:33.122] #0 :: PABLO ::  LOAD BALANCE 
[2024-01-28 00:55:33.122] #0 :: PABLO ::  
[2024-01-28 00:55:33.122] #0 :: PABLO ::  Initial Serial distribution : 
[2024-01-28 00:55:33.122] #0 :: PABLO ::  Octants for proc	0	:	1
[2024-01-28 00:55:33.122] #0 :: PABLO ::  Octants for proc	1	:	0
[2024-01-28 00:55:33.122] #0 :: PABLO ::  Octants for proc	2	:	0
[2024-01-28 00:55:33.122] #0 :: PABLO ::  Octants for proc	3	:	0
[2024-01-28 00:55:33.122] #0 :: PABLO ::  Octants for proc	4	:	0
[2024-01-28 00:55:33.122] #0 :: PABLO ::  
[2024-01-28 00:55:33.122] #0 :: PABLO ::  Final Parallel partition : 
[2024-01-28 00:55:33.122] #0 :: PABLO ::  Octants for proc	0	:	1
[2024-01-28 00:55:33.122] #0 :: PABLO ::  Octants for proc	1	:	0
[2024-01-28 00:55:33.122] #0 :: PABLO ::  Octants for proc	2	:	0
[2024-01-28 00:55:33.122] #0 :: PABLO ::  Octants for proc	3	:	0
[2024-01-28 00:55:33.122] #0 :: PABLO ::  Octants for proc	4	:	0
[2024-01-28 00:55:33.122] #0 :: PABLO ::  
[2024-01-28 00:55:33.122] #0 :: PABLO :: ---------------------------------------------
[2024-01-28 00:55:33.122] #0 :: PABLO :: ---------------------------------------------
[2024-01-28 00:55:33.122] #0 :: PABLO ::  ADAPT (Refine/Coarse)
[2024-01-28 00:55:33.122] #0 :: PABLO ::  
[2024-01-28 00:55:33.122] #0 :: PABLO :: ---------------------------------------------
[2024-01-28 00:55:33.122] #0 :: PABLO ::  2:1 BALANCE (balancing Marker before Adapt)
[2024-01-28 00:55:33.122] #0 :: PABLO ::  
[2024-01-28 00:55:33.122] #0 :: PABLO ::  Iterative procedure	
[2024-01-28 00:55:33.122] #0 :: PABLO ::  
[2024-01-28 00:55:33.122] #0 :: PABLO ::  Iteration	:	0
[2024-01-28 00:55:33.122] #0 :: PABLO ::  2:1 Balancing reached 
[2024-01-28 00:55:33.122] #0 :: PABLO ::  
[2024-01-28 00:55:33.122] #0 :: PABLO :: ---------------------------------------------
[2024-01-28 00:55:33.122] #0 :: PABLO ::  
[2024-01-28 00:55:33.122] #0 :: PABLO ::  Initial Number of octants		:	1
[2024-01-28 00:55:33.135] #0 :: PABLO ::  Number of octants after Refine	:	65536
[2024-01-28 00:55:33.145] #0 :: PABLO ::  Number of octants after Coarse	:	65536
[2024-01-28 00:55:33.145] #0 :: PABLO ::  
[2024-01-28 00:55:33.145] #0 :: PABLO :: ---------------------------------------------
[2024-01-28 00:55:33.357] #0 :: PABLO :: ---------------------------------------------
[2024-01-28 00:55:33.357] #0 :: PABLO ::  LOAD BALANCE 
[2024-01-28 00:55:33.357] #0 :: PABLO ::  
[2024-01-28 00:55:33.357] #0 :: PABLO ::  Initial Parallel partition : 
[2024-01-28 00:55:33.357] #0 :: PABLO ::  Octants for proc	0	:	65536
[2024-01-28 00:55:33.357] #0 :: PABLO ::  Octants for proc	1	:	0
[2024-01-28 00:55:33.357] #0 :: PABLO ::  Octants for proc	2	:	0
[2024-01-28 00:55:33.357] #0 :: PABLO ::  Octants for proc	3	:	0
[2024-01-28 00:55:33.357] #0 :: PABLO ::  Octants for proc	4	:	0
[2024-01-28 00:55:33.371] #0 :: PABLO ::  
[2024-01-28 00:55:33.372] #0 :: PABLO ::  Final Parallel partition : 
[2024-01-28 00:55:33.372] #0 :: PABLO ::  Octants for proc	0	:	13108
[2024-01-28 00:55:33.372] #0 :: PABLO ::  Octants for proc	1	:	13107
[2024-01-28 00:55:33.372] #0 :: PABLO ::  Octants for proc	2	:	13107
[2024-01-28 00:55:33.372] #0 :: PABLO ::  Octants for proc	3	:	13107
[2024-01-28 00:55:33.372] #0 :: PABLO ::  Octants for proc	4	:	13107
[2024-01-28 00:55:33.372] #0 :: PABLO ::  
[2024-01-28 00:55:33.372] #0 :: PABLO :: ---------------------------------------------
