Determining if the function sgemm_ exists failed with the following output:
Change Dir: /examples/CMakeFiles/CMakeTmp

Run Build Command(s):/usr/bin/make cmTC_524c8/fast && /usr/bin/make -f CMakeFiles/cmTC_524c8.dir/build.make CMakeFiles/cmTC_524c8.dir/build
make[1]: Entering directory '/examples/CMakeFiles/CMakeTmp'
Building C object CMakeFiles/cmTC_524c8.dir/CheckFunctionExists.c.o
/usr/bin/cc   -DCHECK_FUNCTION_EXISTS=sgemm_   -o CMakeFiles/cmTC_524c8.dir/CheckFunctionExists.c.o   -c /usr/share/cmake-3.16/Modules/CheckFunctionExists.c
Linking C executable cmTC_524c8
/usr/bin/cmake -E cmake_link_script CMakeFiles/cmTC_524c8.dir/link.txt --verbose=1
/usr/bin/cc  -DCHECK_FUNCTION_EXISTS=sgemm_    -rdynamic CMakeFiles/cmTC_524c8.dir/CheckFunctionExists.c.o  -o cmTC_524c8 
/usr/bin/ld: CMakeFiles/cmTC_524c8.dir/CheckFunctionExists.c.o: in function `main':
CheckFunctionExists.c:(.text+0x14): undefined reference to `sgemm_'
collect2: error: ld returned 1 exit status
make[1]: *** [CMakeFiles/cmTC_524c8.dir/build.make:87: cmTC_524c8] Error 1
make[1]: Leaving directory '/examples/CMakeFiles/CMakeTmp'
make: *** [Makefile:121: cmTC_524c8/fast] Error 2



Performing C SOURCE FILE Test CMAKE_HAVE_LIBC_PTHREAD failed with the following output:
Change Dir: /examples/CMakeFiles/CMakeTmp

Run Build Command(s):/usr/bin/make cmTC_38210/fast && /usr/bin/make -f CMakeFiles/cmTC_38210.dir/build.make CMakeFiles/cmTC_38210.dir/build
make[1]: Entering directory '/examples/CMakeFiles/CMakeTmp'
Building C object CMakeFiles/cmTC_38210.dir/src.c.o
/usr/bin/cc   -DCMAKE_HAVE_LIBC_PTHREAD   -o CMakeFiles/cmTC_38210.dir/src.c.o   -c /examples/CMakeFiles/CMakeTmp/src.c
Linking C executable cmTC_38210
/usr/bin/cmake -E cmake_link_script CMakeFiles/cmTC_38210.dir/link.txt --verbose=1
/usr/bin/cc  -DCMAKE_HAVE_LIBC_PTHREAD    -rdynamic CMakeFiles/cmTC_38210.dir/src.c.o  -o cmTC_38210 
/usr/bin/ld: CMakeFiles/cmTC_38210.dir/src.c.o: in function `main':
src.c:(.text+0x46): undefined reference to `pthread_create'
/usr/bin/ld: src.c:(.text+0x52): undefined reference to `pthread_detach'
/usr/bin/ld: src.c:(.text+0x63): undefined reference to `pthread_join'
collect2: error: ld returned 1 exit status
make[1]: *** [CMakeFiles/cmTC_38210.dir/build.make:87: cmTC_38210] Error 1
make[1]: Leaving directory '/examples/CMakeFiles/CMakeTmp'
make: *** [Makefile:121: cmTC_38210/fast] Error 2


Source file was:
#include <pthread.h>

void* test_func(void* data)
{
  return data;
}

int main(void)
{
  pthread_t thread;
  pthread_create(&thread, NULL, test_func, NULL);
  pthread_detach(thread);
  pthread_join(thread, NULL);
  pthread_atfork(NULL, NULL, NULL);
  pthread_exit(NULL);

  return 0;
}

Determining if the function pthread_create exists in the pthreads failed with the following output:
Change Dir: /examples/CMakeFiles/CMakeTmp

Run Build Command(s):/usr/bin/make cmTC_fbcfb/fast && /usr/bin/make -f CMakeFiles/cmTC_fbcfb.dir/build.make CMakeFiles/cmTC_fbcfb.dir/build
make[1]: Entering directory '/examples/CMakeFiles/CMakeTmp'
Building C object CMakeFiles/cmTC_fbcfb.dir/CheckFunctionExists.c.o
/usr/bin/cc   -DCHECK_FUNCTION_EXISTS=pthread_create   -o CMakeFiles/cmTC_fbcfb.dir/CheckFunctionExists.c.o   -c /usr/share/cmake-3.16/Modules/CheckFunctionExists.c
Linking C executable cmTC_fbcfb
/usr/bin/cmake -E cmake_link_script CMakeFiles/cmTC_fbcfb.dir/link.txt --verbose=1
/usr/bin/cc  -DCHECK_FUNCTION_EXISTS=pthread_create    -rdynamic CMakeFiles/cmTC_fbcfb.dir/CheckFunctionExists.c.o  -o cmTC_fbcfb  -lpthreads 
/usr/bin/ld: cannot find -lpthreads
collect2: error: ld returned 1 exit status
make[1]: *** [CMakeFiles/cmTC_fbcfb.dir/build.make:87: cmTC_fbcfb] Error 1
make[1]: Leaving directory '/examples/CMakeFiles/CMakeTmp'
make: *** [Makefile:121: cmTC_fbcfb/fast] Error 2



Determining if the function cblas_zgemm3m exists failed with the following output:
Change Dir: /examples/CMakeFiles/CMakeTmp

Run Build Command(s):/usr/bin/make cmTC_2db72/fast && /usr/bin/make -f CMakeFiles/cmTC_2db72.dir/build.make CMakeFiles/cmTC_2db72.dir/build
make[1]: Entering directory '/examples/CMakeFiles/CMakeTmp'
Building C object CMakeFiles/cmTC_2db72.dir/CheckFunctionExists.c.o
/usr/bin/cc   -DCHECK_FUNCTION_EXISTS=cblas_zgemm3m   -o CMakeFiles/cmTC_2db72.dir/CheckFunctionExists.c.o   -c /usr/share/cmake-3.16/Modules/CheckFunctionExists.c
Linking C executable cmTC_2db72
/usr/bin/cmake -E cmake_link_script CMakeFiles/cmTC_2db72.dir/link.txt --verbose=1
/usr/bin/cc  -DCHECK_FUNCTION_EXISTS=cblas_zgemm3m    -rdynamic CMakeFiles/cmTC_2db72.dir/CheckFunctionExists.c.o  -o cmTC_2db72  /usr/lib/x86_64-linux-gnu/libblas.so 
/usr/bin/ld: CMakeFiles/cmTC_2db72.dir/CheckFunctionExists.c.o: in function `main':
CheckFunctionExists.c:(.text+0x14): undefined reference to `cblas_zgemm3m'
collect2: error: ld returned 1 exit status
make[1]: *** [CMakeFiles/cmTC_2db72.dir/build.make:88: cmTC_2db72] Error 1
make[1]: Leaving directory '/examples/CMakeFiles/CMakeTmp'
make: *** [Makefile:121: cmTC_2db72/fast] Error 2



Determining if the function cheev_ exists failed with the following output:
Change Dir: /examples/CMakeFiles/CMakeTmp

Run Build Command(s):/usr/bin/make cmTC_3225b/fast && /usr/bin/make -f CMakeFiles/cmTC_3225b.dir/build.make CMakeFiles/cmTC_3225b.dir/build
make[1]: Entering directory '/examples/CMakeFiles/CMakeTmp'
Building C object CMakeFiles/cmTC_3225b.dir/CheckFunctionExists.c.o
/usr/bin/cc   -DCHECK_FUNCTION_EXISTS=cheev_   -o CMakeFiles/cmTC_3225b.dir/CheckFunctionExists.c.o   -c /usr/share/cmake-3.16/Modules/CheckFunctionExists.c
Linking C executable cmTC_3225b
/usr/bin/cmake -E cmake_link_script CMakeFiles/cmTC_3225b.dir/link.txt --verbose=1
/usr/bin/cc  -DCHECK_FUNCTION_EXISTS=cheev_    -rdynamic CMakeFiles/cmTC_3225b.dir/CheckFunctionExists.c.o  -o cmTC_3225b  /usr/lib/x86_64-linux-gnu/libblas.so 
/usr/bin/ld: CMakeFiles/cmTC_3225b.dir/CheckFunctionExists.c.o: in function `main':
CheckFunctionExists.c:(.text+0x14): undefined reference to `cheev_'
collect2: error: ld returned 1 exit status
make[1]: *** [CMakeFiles/cmTC_3225b.dir/build.make:88: cmTC_3225b] Error 1
make[1]: Leaving directory '/examples/CMakeFiles/CMakeTmp'
make: *** [Makefile:121: cmTC_3225b/fast] Error 2



Determining if the function LAPACKE_dgeqrf exists failed with the following output:
Change Dir: /examples/CMakeFiles/CMakeTmp

Run Build Command(s):/usr/bin/make cmTC_58dd3/fast && /usr/bin/make -f CMakeFiles/cmTC_58dd3.dir/build.make CMakeFiles/cmTC_58dd3.dir/build
make[1]: Entering directory '/examples/CMakeFiles/CMakeTmp'
Building C object CMakeFiles/cmTC_58dd3.dir/CheckFunctionExists.c.o
/usr/bin/cc   -DCHECK_FUNCTION_EXISTS=LAPACKE_dgeqrf   -o CMakeFiles/cmTC_58dd3.dir/CheckFunctionExists.c.o   -c /usr/share/cmake-3.16/Modules/CheckFunctionExists.c
Linking C executable cmTC_58dd3
/usr/bin/cmake -E cmake_link_script CMakeFiles/cmTC_58dd3.dir/link.txt --verbose=1
/usr/bin/cc  -DCHECK_FUNCTION_EXISTS=LAPACKE_dgeqrf    -rdynamic CMakeFiles/cmTC_58dd3.dir/CheckFunctionExists.c.o  -o cmTC_58dd3  /usr/lib/x86_64-linux-gnu/liblapack.so /usr/lib/x86_64-linux-gnu/libblas.so 
/usr/bin/ld: CMakeFiles/cmTC_58dd3.dir/CheckFunctionExists.c.o: in function `main':
CheckFunctionExists.c:(.text+0x14): undefined reference to `LAPACKE_dgeqrf'
collect2: error: ld returned 1 exit status
make[1]: *** [CMakeFiles/cmTC_58dd3.dir/build.make:89: cmTC_58dd3] Error 1
make[1]: Leaving directory '/examples/CMakeFiles/CMakeTmp'
make: *** [Makefile:121: cmTC_58dd3/fast] Error 2



Determining if the function sgemm_ exists failed with the following output:
Change Dir: /examples/CMakeFiles/CMakeTmp

Run Build Command(s):/usr/bin/make cmTC_6a1ac/fast && make[1]: Entering directory '/examples/CMakeFiles/CMakeTmp'
/usr/bin/make -f CMakeFiles/cmTC_6a1ac.dir/build.make CMakeFiles/cmTC_6a1ac.dir/build
make[2]: Entering directory '/examples/CMakeFiles/CMakeTmp'
Building C object CMakeFiles/cmTC_6a1ac.dir/CheckFunctionExists.c.o
/usr/bin/cc   -DCHECK_FUNCTION_EXISTS=sgemm_   -o CMakeFiles/cmTC_6a1ac.dir/CheckFunctionExists.c.o   -c /usr/share/cmake-3.16/Modules/CheckFunctionExists.c
Linking C executable cmTC_6a1ac
/usr/bin/cmake -E cmake_link_script CMakeFiles/cmTC_6a1ac.dir/link.txt --verbose=1
/usr/bin/cc  -DCHECK_FUNCTION_EXISTS=sgemm_    -rdynamic CMakeFiles/cmTC_6a1ac.dir/CheckFunctionExists.c.o  -o cmTC_6a1ac 
/usr/bin/ld: CMakeFiles/cmTC_6a1ac.dir/CheckFunctionExists.c.o: in function `main':
CheckFunctionExists.c:(.text+0x14): undefined reference to `sgemm_'
collect2: error: ld returned 1 exit status
make[2]: *** [CMakeFiles/cmTC_6a1ac.dir/build.make:87: cmTC_6a1ac] Error 1
make[2]: Leaving directory '/examples/CMakeFiles/CMakeTmp'
make[1]: *** [Makefile:121: cmTC_6a1ac/fast] Error 2
make[1]: Leaving directory '/examples/CMakeFiles/CMakeTmp'



Performing C SOURCE FILE Test CMAKE_HAVE_LIBC_PTHREAD failed with the following output:
Change Dir: /examples/CMakeFiles/CMakeTmp

Run Build Command(s):/usr/bin/make cmTC_12127/fast && make[1]: Entering directory '/examples/CMakeFiles/CMakeTmp'
/usr/bin/make -f CMakeFiles/cmTC_12127.dir/build.make CMakeFiles/cmTC_12127.dir/build
make[2]: Entering directory '/examples/CMakeFiles/CMakeTmp'
Building C object CMakeFiles/cmTC_12127.dir/src.c.o
/usr/bin/cc   -DCMAKE_HAVE_LIBC_PTHREAD   -o CMakeFiles/cmTC_12127.dir/src.c.o   -c /examples/CMakeFiles/CMakeTmp/src.c
Linking C executable cmTC_12127
/usr/bin/cmake -E cmake_link_script CMakeFiles/cmTC_12127.dir/link.txt --verbose=1
/usr/bin/cc  -DCMAKE_HAVE_LIBC_PTHREAD    -rdynamic CMakeFiles/cmTC_12127.dir/src.c.o  -o cmTC_12127 
/usr/bin/ld: CMakeFiles/cmTC_12127.dir/src.c.o: in function `main':
src.c:(.text+0x46): undefined reference to `pthread_create'
/usr/bin/ld: src.c:(.text+0x52): undefined reference to `pthread_detach'
/usr/bin/ld: src.c:(.text+0x63): undefined reference to `pthread_join'
collect2: error: ld returned 1 exit status
make[2]: *** [CMakeFiles/cmTC_12127.dir/build.make:87: cmTC_12127] Error 1
make[2]: Leaving directory '/examples/CMakeFiles/CMakeTmp'
make[1]: *** [Makefile:121: cmTC_12127/fast] Error 2
make[1]: Leaving directory '/examples/CMakeFiles/CMakeTmp'


Source file was:
#include <pthread.h>

void* test_func(void* data)
{
  return data;
}

int main(void)
{
  pthread_t thread;
  pthread_create(&thread, NULL, test_func, NULL);
  pthread_detach(thread);
  pthread_join(thread, NULL);
  pthread_atfork(NULL, NULL, NULL);
  pthread_exit(NULL);

  return 0;
}

Determining if the function pthread_create exists in the pthreads failed with the following output:
Change Dir: /examples/CMakeFiles/CMakeTmp

Run Build Command(s):/usr/bin/make cmTC_0c15b/fast && make[1]: Entering directory '/examples/CMakeFiles/CMakeTmp'
/usr/bin/make -f CMakeFiles/cmTC_0c15b.dir/build.make CMakeFiles/cmTC_0c15b.dir/build
make[2]: Entering directory '/examples/CMakeFiles/CMakeTmp'
Building C object CMakeFiles/cmTC_0c15b.dir/CheckFunctionExists.c.o
/usr/bin/cc   -DCHECK_FUNCTION_EXISTS=pthread_create   -o CMakeFiles/cmTC_0c15b.dir/CheckFunctionExists.c.o   -c /usr/share/cmake-3.16/Modules/CheckFunctionExists.c
Linking C executable cmTC_0c15b
/usr/bin/cmake -E cmake_link_script CMakeFiles/cmTC_0c15b.dir/link.txt --verbose=1
/usr/bin/cc  -DCHECK_FUNCTION_EXISTS=pthread_create    -rdynamic CMakeFiles/cmTC_0c15b.dir/CheckFunctionExists.c.o  -o cmTC_0c15b  -lpthreads 
/usr/bin/ld: cannot find -lpthreads
collect2: error: ld returned 1 exit status
make[2]: *** [CMakeFiles/cmTC_0c15b.dir/build.make:87: cmTC_0c15b] Error 1
make[2]: Leaving directory '/examples/CMakeFiles/CMakeTmp'
make[1]: *** [Makefile:121: cmTC_0c15b/fast] Error 2
make[1]: Leaving directory '/examples/CMakeFiles/CMakeTmp'



Determining if the function cblas_zgemm3m exists failed with the following output:
Change Dir: /examples/CMakeFiles/CMakeTmp

Run Build Command(s):/usr/bin/make cmTC_9e738/fast && make[1]: Entering directory '/examples/CMakeFiles/CMakeTmp'
/usr/bin/make -f CMakeFiles/cmTC_9e738.dir/build.make CMakeFiles/cmTC_9e738.dir/build
make[2]: Entering directory '/examples/CMakeFiles/CMakeTmp'
Building C object CMakeFiles/cmTC_9e738.dir/CheckFunctionExists.c.o
/usr/bin/cc   -DCHECK_FUNCTION_EXISTS=cblas_zgemm3m   -o CMakeFiles/cmTC_9e738.dir/CheckFunctionExists.c.o   -c /usr/share/cmake-3.16/Modules/CheckFunctionExists.c
Linking C executable cmTC_9e738
/usr/bin/cmake -E cmake_link_script CMakeFiles/cmTC_9e738.dir/link.txt --verbose=1
/usr/bin/cc  -DCHECK_FUNCTION_EXISTS=cblas_zgemm3m    -rdynamic CMakeFiles/cmTC_9e738.dir/CheckFunctionExists.c.o  -o cmTC_9e738  /usr/lib/x86_64-linux-gnu/libblas.so 
/usr/bin/ld: CMakeFiles/cmTC_9e738.dir/CheckFunctionExists.c.o: in function `main':
CheckFunctionExists.c:(.text+0x14): undefined reference to `cblas_zgemm3m'
collect2: error: ld returned 1 exit status
make[2]: *** [CMakeFiles/cmTC_9e738.dir/build.make:88: cmTC_9e738] Error 1
make[2]: Leaving directory '/examples/CMakeFiles/CMakeTmp'
make[1]: *** [Makefile:121: cmTC_9e738/fast] Error 2
make[1]: Leaving directory '/examples/CMakeFiles/CMakeTmp'



Determining if the function cheev_ exists failed with the following output:
Change Dir: /examples/CMakeFiles/CMakeTmp

Run Build Command(s):/usr/bin/make cmTC_08cc7/fast && make[1]: Entering directory '/examples/CMakeFiles/CMakeTmp'
/usr/bin/make -f CMakeFiles/cmTC_08cc7.dir/build.make CMakeFiles/cmTC_08cc7.dir/build
make[2]: Entering directory '/examples/CMakeFiles/CMakeTmp'
Building C object CMakeFiles/cmTC_08cc7.dir/CheckFunctionExists.c.o
/usr/bin/cc   -DCHECK_FUNCTION_EXISTS=cheev_   -o CMakeFiles/cmTC_08cc7.dir/CheckFunctionExists.c.o   -c /usr/share/cmake-3.16/Modules/CheckFunctionExists.c
Linking C executable cmTC_08cc7
/usr/bin/cmake -E cmake_link_script CMakeFiles/cmTC_08cc7.dir/link.txt --verbose=1
/usr/bin/cc  -DCHECK_FUNCTION_EXISTS=cheev_    -rdynamic CMakeFiles/cmTC_08cc7.dir/CheckFunctionExists.c.o  -o cmTC_08cc7  /usr/lib/x86_64-linux-gnu/libblas.so 
/usr/bin/ld: CMakeFiles/cmTC_08cc7.dir/CheckFunctionExists.c.o: in function `main':
CheckFunctionExists.c:(.text+0x14): undefined reference to `cheev_'
collect2: error: ld returned 1 exit status
make[2]: *** [CMakeFiles/cmTC_08cc7.dir/build.make:88: cmTC_08cc7] Error 1
make[2]: Leaving directory '/examples/CMakeFiles/CMakeTmp'
make[1]: *** [Makefile:121: cmTC_08cc7/fast] Error 2
make[1]: Leaving directory '/examples/CMakeFiles/CMakeTmp'



Determining if the function LAPACKE_dgeqrf exists failed with the following output:
Change Dir: /examples/CMakeFiles/CMakeTmp

Run Build Command(s):/usr/bin/make cmTC_6d9a6/fast && make[1]: Entering directory '/examples/CMakeFiles/CMakeTmp'
/usr/bin/make -f CMakeFiles/cmTC_6d9a6.dir/build.make CMakeFiles/cmTC_6d9a6.dir/build
make[2]: Entering directory '/examples/CMakeFiles/CMakeTmp'
Building C object CMakeFiles/cmTC_6d9a6.dir/CheckFunctionExists.c.o
/usr/bin/cc   -DCHECK_FUNCTION_EXISTS=LAPACKE_dgeqrf   -o CMakeFiles/cmTC_6d9a6.dir/CheckFunctionExists.c.o   -c /usr/share/cmake-3.16/Modules/CheckFunctionExists.c
Linking C executable cmTC_6d9a6
/usr/bin/cmake -E cmake_link_script CMakeFiles/cmTC_6d9a6.dir/link.txt --verbose=1
/usr/bin/cc  -DCHECK_FUNCTION_EXISTS=LAPACKE_dgeqrf    -rdynamic CMakeFiles/cmTC_6d9a6.dir/CheckFunctionExists.c.o  -o cmTC_6d9a6  /usr/lib/x86_64-linux-gnu/liblapack.so /usr/lib/x86_64-linux-gnu/libblas.so 
/usr/bin/ld: CMakeFiles/cmTC_6d9a6.dir/CheckFunctionExists.c.o: in function `main':
CheckFunctionExists.c:(.text+0x14): undefined reference to `LAPACKE_dgeqrf'
collect2: error: ld returned 1 exit status
make[2]: *** [CMakeFiles/cmTC_6d9a6.dir/build.make:89: cmTC_6d9a6] Error 1
make[2]: Leaving directory '/examples/CMakeFiles/CMakeTmp'
make[1]: *** [Makefile:121: cmTC_6d9a6/fast] Error 2
make[1]: Leaving directory '/examples/CMakeFiles/CMakeTmp'



